2025-01-15 09:42:48,340 INFO [SpringContextShutdownHook][ExecutorConfigurationSupport.java:218] - Shutting down ExecutorService 'applicationTaskExecutor'
2025-01-15 09:42:48,340 INFO [SpringContextShutdownHook][ExecutorConfigurationSupport.java:218] - Shutting down ExecutorService 'applicationTaskExecutor'
2025-01-15 09:44:45,137 INFO [background-preinit][Version.java:21] - HV000001: Hibernate Validator 6.1.6.Final
2025-01-15 09:44:45,137 INFO [background-preinit][Version.java:21] - HV000001: Hibernate Validator 6.1.6.Final
2025-01-15 09:44:49,749 INFO [background-preinit][Version.java:21] - HV000001: Hibernate Validator 6.1.6.Final
2025-01-15 09:44:49,749 INFO [background-preinit][Version.java:21] - HV000001: Hibernate Validator 6.1.6.Final
2025-01-15 09:44:57,543 INFO [main][SpringApplication.java:651] - No active profile set, falling back to default profiles: default
2025-01-15 09:44:57,543 INFO [main][SpringApplication.java:651] - No active profile set, falling back to default profiles: default
2025-01-15 09:45:00,404 INFO [main][SpringApplication.java:651] - No active profile set, falling back to default profiles: default
2025-01-15 09:45:00,404 INFO [main][SpringApplication.java:651] - No active profile set, falling back to default profiles: default
2025-01-15 09:45:15,466 INFO [main][GenericScope.java:295] - BeanFactory id=f3c5c7ed-8b64-3e9e-bf84-c8b03b8a0300
2025-01-15 09:45:15,466 INFO [main][GenericScope.java:295] - BeanFactory id=f3c5c7ed-8b64-3e9e-bf84-c8b03b8a0300
2025-01-15 09:45:16,099 INFO [main][GenericScope.java:295] - BeanFactory id=f3c5c7ed-8b64-3e9e-bf84-c8b03b8a0300
2025-01-15 09:45:16,099 INFO [main][GenericScope.java:295] - BeanFactory id=f3c5c7ed-8b64-3e9e-bf84-c8b03b8a0300
2025-01-15 09:45:18,190 INFO [main][TomcatWebServer.java:108] - Tomcat initialized with port(s): 63040 (http)
2025-01-15 09:45:18,190 INFO [main][TomcatWebServer.java:108] - Tomcat initialized with port(s): 63040 (http)
2025-01-15 09:45:18,224 INFO [main][DirectJDKLog.java:173] - Initializing ProtocolHandler ["http-nio-63040"]
2025-01-15 09:45:18,224 INFO [main][DirectJDKLog.java:173] - Initializing ProtocolHandler ["http-nio-63040"]
2025-01-15 09:45:18,244 INFO [main][DirectJDKLog.java:173] - Starting service [Tomcat]
2025-01-15 09:45:18,244 INFO [main][DirectJDKLog.java:173] - Starting service [Tomcat]
2025-01-15 09:45:18,281 INFO [main][DirectJDKLog.java:173] - Starting Servlet engine: [Apache Tomcat/9.0.41]
2025-01-15 09:45:18,281 INFO [main][DirectJDKLog.java:173] - Starting Servlet engine: [Apache Tomcat/9.0.41]
2025-01-15 09:45:20,167 INFO [main][TomcatWebServer.java:108] - Tomcat initialized with port(s): 63040 (http)
2025-01-15 09:45:20,167 INFO [main][TomcatWebServer.java:108] - Tomcat initialized with port(s): 63040 (http)
2025-01-15 09:45:20,515 INFO [main][DirectJDKLog.java:173] - Initializing Spring embedded WebApplicationContext
2025-01-15 09:45:20,515 INFO [main][DirectJDKLog.java:173] - Initializing Spring embedded WebApplicationContext
2025-01-15 09:45:20,516 INFO [main][ServletWebServerApplicationContext.java:285] - Root WebApplicationContext: initialization completed in 19769 ms
2025-01-15 09:45:20,516 INFO [main][ServletWebServerApplicationContext.java:285] - Root WebApplicationContext: initialization completed in 19769 ms
2025-01-15 09:45:20,721 INFO [main][DirectJDKLog.java:173] - Initializing ProtocolHandler ["http-nio-63040"]
2025-01-15 09:45:20,721 INFO [main][DirectJDKLog.java:173] - Initializing ProtocolHandler ["http-nio-63040"]
2025-01-15 09:45:20,723 INFO [main][DirectJDKLog.java:173] - Starting service [Tomcat]
2025-01-15 09:45:20,723 INFO [main][DirectJDKLog.java:173] - Starting service [Tomcat]
2025-01-15 09:45:20,724 INFO [main][DirectJDKLog.java:173] - Starting Servlet engine: [Apache Tomcat/9.0.41]
2025-01-15 09:45:20,724 INFO [main][DirectJDKLog.java:173] - Starting Servlet engine: [Apache Tomcat/9.0.41]
2025-01-15 09:45:21,497 INFO [main][DirectJDKLog.java:173] - Initializing Spring embedded WebApplicationContext
2025-01-15 09:45:21,497 INFO [main][DirectJDKLog.java:173] - Initializing Spring embedded WebApplicationContext
2025-01-15 09:45:21,506 INFO [main][ServletWebServerApplicationContext.java:285] - Root WebApplicationContext: initialization completed in 23282 ms
2025-01-15 09:45:21,506 INFO [main][ServletWebServerApplicationContext.java:285] - Root WebApplicationContext: initialization completed in 23282 ms
2025-01-15 09:45:32,194 INFO [main][PropertySourcedRequestMappingHandlerMapping.java:69] - Mapped URL path [/v2/api-docs] onto method [springfox.documentation.swagger2.web.Swagger2Controller#getDocumentation(String, HttpServletRequest)]
2025-01-15 09:45:32,194 INFO [main][PropertySourcedRequestMappingHandlerMapping.java:69] - Mapped URL path [/v2/api-docs] onto method [springfox.documentation.swagger2.web.Swagger2Controller#getDocumentation(String, HttpServletRequest)]
2025-01-15 09:45:32,464 WARN [main][URLConfigurationSource.java:121] - No URLs will be polled as dynamic configuration sources.
2025-01-15 09:45:32,464 WARN [main][URLConfigurationSource.java:121] - No URLs will be polled as dynamic configuration sources.
2025-01-15 09:45:32,465 INFO [main][URLConfigurationSource.java:122] - To enable URLs as dynamic configuration sources, define System property archaius.configurationSource.additionalUrls or make config.properties available on classpath.
2025-01-15 09:45:32,465 INFO [main][URLConfigurationSource.java:122] - To enable URLs as dynamic configuration sources, define System property archaius.configurationSource.additionalUrls or make config.properties available on classpath.
2025-01-15 09:45:32,484 WARN [main][URLConfigurationSource.java:121] - No URLs will be polled as dynamic configuration sources.
2025-01-15 09:45:32,484 WARN [main][URLConfigurationSource.java:121] - No URLs will be polled as dynamic configuration sources.
2025-01-15 09:45:32,486 INFO [main][URLConfigurationSource.java:122] - To enable URLs as dynamic configuration sources, define System property archaius.configurationSource.additionalUrls or make config.properties available on classpath.
2025-01-15 09:45:32,486 INFO [main][URLConfigurationSource.java:122] - To enable URLs as dynamic configuration sources, define System property archaius.configurationSource.additionalUrls or make config.properties available on classpath.
2025-01-15 09:45:33,302 INFO [main][ExecutorConfigurationSupport.java:181] - Initializing ExecutorService 'applicationTaskExecutor'
2025-01-15 09:45:33,302 INFO [main][ExecutorConfigurationSupport.java:181] - Initializing ExecutorService 'applicationTaskExecutor'
2025-01-15 09:45:34,073 INFO [main][PropertySourcedRequestMappingHandlerMapping.java:69] - Mapped URL path [/v2/api-docs] onto method [springfox.documentation.swagger2.web.Swagger2Controller#getDocumentation(String, HttpServletRequest)]
2025-01-15 09:45:34,073 INFO [main][PropertySourcedRequestMappingHandlerMapping.java:69] - Mapped URL path [/v2/api-docs] onto method [springfox.documentation.swagger2.web.Swagger2Controller#getDocumentation(String, HttpServletRequest)]
2025-01-15 09:45:34,340 INFO [main][ExecutorConfigurationSupport.java:181] - Initializing ExecutorService 'Nacos-Watch-Task-Scheduler'
2025-01-15 09:45:34,340 INFO [main][ExecutorConfigurationSupport.java:181] - Initializing ExecutorService 'Nacos-Watch-Task-Scheduler'
2025-01-15 09:45:34,649 WARN [main][URLConfigurationSource.java:121] - No URLs will be polled as dynamic configuration sources.
2025-01-15 09:45:34,649 WARN [main][URLConfigurationSource.java:121] - No URLs will be polled as dynamic configuration sources.
2025-01-15 09:45:34,650 INFO [main][URLConfigurationSource.java:122] - To enable URLs as dynamic configuration sources, define System property archaius.configurationSource.additionalUrls or make config.properties available on classpath.
2025-01-15 09:45:34,650 INFO [main][URLConfigurationSource.java:122] - To enable URLs as dynamic configuration sources, define System property archaius.configurationSource.additionalUrls or make config.properties available on classpath.
2025-01-15 09:45:34,669 WARN [main][URLConfigurationSource.java:121] - No URLs will be polled as dynamic configuration sources.
2025-01-15 09:45:34,669 WARN [main][URLConfigurationSource.java:121] - No URLs will be polled as dynamic configuration sources.
2025-01-15 09:45:34,670 INFO [main][URLConfigurationSource.java:122] - To enable URLs as dynamic configuration sources, define System property archaius.configurationSource.additionalUrls or make config.properties available on classpath.
2025-01-15 09:45:34,670 INFO [main][URLConfigurationSource.java:122] - To enable URLs as dynamic configuration sources, define System property archaius.configurationSource.additionalUrls or make config.properties available on classpath.
2025-01-15 09:45:35,659 INFO [main][ExecutorConfigurationSupport.java:181] - Initializing ExecutorService 'applicationTaskExecutor'
2025-01-15 09:45:35,659 INFO [main][ExecutorConfigurationSupport.java:181] - Initializing ExecutorService 'applicationTaskExecutor'
2025-01-15 09:45:37,328 INFO [main][ExecutorConfigurationSupport.java:181] - Initializing ExecutorService 'Nacos-Watch-Task-Scheduler'
2025-01-15 09:45:37,328 INFO [main][ExecutorConfigurationSupport.java:181] - Initializing ExecutorService 'Nacos-Watch-Task-Scheduler'
2025-01-15 09:45:42,407 INFO [main][DirectJDKLog.java:173] - Starting ProtocolHandler ["http-nio-63040"]
2025-01-15 09:45:42,407 INFO [main][DirectJDKLog.java:173] - Starting ProtocolHandler ["http-nio-63040"]
2025-01-15 09:45:42,567 INFO [main][TomcatWebServer.java:220] - Tomcat started on port(s): 63040 (http) with context path '/content'
2025-01-15 09:45:42,567 INFO [main][TomcatWebServer.java:220] - Tomcat started on port(s): 63040 (http) with context path '/content'
2025-01-15 09:45:48,106 INFO [main][DirectJDKLog.java:173] - Starting ProtocolHandler ["http-nio-63040"]
2025-01-15 09:45:48,106 INFO [main][DirectJDKLog.java:173] - Starting ProtocolHandler ["http-nio-63040"]
2025-01-15 09:45:48,212 INFO [main][NacosServiceRegistry.java:75] - nacos registry, springbootXue-project content-api 192.168.11.70:63040 register finished
2025-01-15 09:45:48,212 INFO [main][NacosServiceRegistry.java:75] - nacos registry, springbootXue-project content-api 192.168.11.70:63040 register finished
2025-01-15 09:45:48,221 INFO [main][DocumentationPluginsBootstrapper.java:160] - Context refreshed
2025-01-15 09:45:48,221 INFO [main][DocumentationPluginsBootstrapper.java:160] - Context refreshed
2025-01-15 09:45:48,261 INFO [main][DocumentationPluginsBootstrapper.java:163] - Found 1 custom documentation plugin(s)
2025-01-15 09:45:48,261 INFO [main][DocumentationPluginsBootstrapper.java:163] - Found 1 custom documentation plugin(s)
2025-01-15 09:45:48,672 WARN [main][AbstractApplicationContext.java:559] - Exception encountered during context initialization - cancelling refresh attempt: org.springframework.context.ApplicationContextException: Failed to start bean 'webServerStartStop'; nested exception is org.springframework.boot.web.server.PortInUseException: Port 63040 is already in use
2025-01-15 09:45:48,672 WARN [main][AbstractApplicationContext.java:559] - Exception encountered during context initialization - cancelling refresh attempt: org.springframework.context.ApplicationContextException: Failed to start bean 'webServerStartStop'; nested exception is org.springframework.boot.web.server.PortInUseException: Port 63040 is already in use
2025-01-15 09:45:48,721 INFO [main][ApiListingReferenceScanner.java:41] - Scanning for api listing references
2025-01-15 09:45:48,721 INFO [main][ApiListingReferenceScanner.java:41] - Scanning for api listing references
2025-01-15 09:45:51,455 INFO [main][StartupInfoLogger.java:61] - Started ContentApplication in 67.711 seconds (JVM running for 87.892)
2025-01-15 09:45:51,455 INFO [main][StartupInfoLogger.java:61] - Started ContentApplication in 67.711 seconds (JVM running for 87.892)
2025-01-15 09:45:52,262 INFO [main][ExecutorConfigurationSupport.java:218] - Shutting down ExecutorService 'applicationTaskExecutor'
2025-01-15 09:45:52,262 INFO [main][ExecutorConfigurationSupport.java:218] - Shutting down ExecutorService 'applicationTaskExecutor'
2025-01-15 09:45:52,273 INFO [main][DirectJDKLog.java:173] - Pausing ProtocolHandler ["http-nio-63040"]
2025-01-15 09:45:52,273 INFO [main][DirectJDKLog.java:173] - Pausing ProtocolHandler ["http-nio-63040"]
2025-01-15 09:45:52,274 INFO [main][DirectJDKLog.java:173] - Stopping service [Tomcat]
2025-01-15 09:45:52,274 INFO [main][DirectJDKLog.java:173] - Stopping service [Tomcat]
2025-01-15 09:45:52,284 INFO [main][DirectJDKLog.java:173] - Stopping ProtocolHandler ["http-nio-63040"]
2025-01-15 09:45:52,284 INFO [main][DirectJDKLog.java:173] - Stopping ProtocolHandler ["http-nio-63040"]
2025-01-15 09:45:52,286 INFO [main][DirectJDKLog.java:173] - Destroying ProtocolHandler ["http-nio-63040"]
2025-01-15 09:45:52,286 INFO [main][DirectJDKLog.java:173] - Destroying ProtocolHandler ["http-nio-63040"]
2025-01-15 09:45:52,379 INFO [main][ConditionEvaluationReportLoggingListener.java:136] - 

Error starting ApplicationContext. To display the conditions report re-run your application with 'debug' enabled.
2025-01-15 09:45:52,379 INFO [main][ConditionEvaluationReportLoggingListener.java:136] - 

Error starting ApplicationContext. To display the conditions report re-run your application with 'debug' enabled.
2025-01-15 09:45:52,594 ERROR [main][LoggingFailureAnalysisReporter.java:40] - 

***************************
APPLICATION FAILED TO START
***************************

Description:

Web server failed to start. Port 63040 was already in use.

Action:

Identify and stop the process that's listening on port 63040 or configure this application to listen on another port.

2025-01-15 09:45:52,594 ERROR [main][LoggingFailureAnalysisReporter.java:40] - 

***************************
APPLICATION FAILED TO START
***************************

Description:

Web server failed to start. Port 63040 was already in use.

Action:

Identify and stop the process that's listening on port 63040 or configure this application to listen on another port.

