2025-01-15 14:28:50,578 WARN [Thread-229][NotifyCenter.java:145] - [NotifyCenter] Start destroying Publisher
2025-01-15 14:28:50,578 WARN [Thread-222][HttpClientBeanHolder.java:108] - [HttpClientBeanHolder] Start destroying common HttpClient
2025-01-15 14:28:50,578 WARN [Thread-222][HttpClientBeanHolder.java:108] - [HttpClientBeanHolder] Start destroying common HttpClient
2025-01-15 14:28:50,578 WARN [Thread-229][NotifyCenter.java:145] - [NotifyCenter] Start destroying Publisher
2025-01-15 14:28:50,732 WARN [Thread-229][NotifyCenter.java:162] - [NotifyCenter] Destruction of the end
2025-01-15 14:28:50,732 WARN [Thread-229][NotifyCenter.java:162] - [NotifyCenter] Destruction of the end
2025-01-15 14:28:50,751 WARN [Thread-222][HttpClientBeanHolder.java:114] - [HttpClientBeanHolder] Destruction of the end
2025-01-15 14:28:50,751 WARN [Thread-222][HttpClientBeanHolder.java:114] - [HttpClientBeanHolder] Destruction of the end
2025-01-15 14:28:53,319 INFO [SpringContextShutdownHook][ExecutorConfigurationSupport.java:218] - Shutting down ExecutorService 'Nacos-Watch-Task-Scheduler'
2025-01-15 14:28:53,319 INFO [SpringContextShutdownHook][ExecutorConfigurationSupport.java:218] - Shutting down ExecutorService 'Nacos-Watch-Task-Scheduler'
2025-01-15 14:28:53,347 INFO [SpringContextShutdownHook][ExecutorConfigurationSupport.java:218] - Shutting down ExecutorService 'taskScheduler'
2025-01-15 14:28:53,347 INFO [SpringContextShutdownHook][ExecutorConfigurationSupport.java:218] - Shutting down ExecutorService 'taskScheduler'
2025-01-15 14:28:53,351 INFO [SpringContextShutdownHook][NacosServiceRegistry.java:94] - De-registering from Nacos Server now...
2025-01-15 14:28:53,351 INFO [SpringContextShutdownHook][NacosServiceRegistry.java:94] - De-registering from Nacos Server now...
2025-01-15 14:28:53,368 INFO [SpringContextShutdownHook][NacosServiceRegistry.java:114] - De-registration finished.
2025-01-15 14:28:53,368 INFO [SpringContextShutdownHook][NacosServiceRegistry.java:114] - De-registration finished.
2025-01-15 14:28:59,699 WARN [SpringContextShutdownHook][DisposableBeanAdapter.java:349] - Destroy method 'close' on bean with name 'nacosServiceRegistry' threw an exception: java.lang.NullPointerException
2025-01-15 14:28:59,699 WARN [SpringContextShutdownHook][DisposableBeanAdapter.java:349] - Destroy method 'close' on bean with name 'nacosServiceRegistry' threw an exception: java.lang.NullPointerException
2025-01-15 14:28:59,708 INFO [SpringContextShutdownHook][ExecutorConfigurationSupport.java:218] - Shutting down ExecutorService 'applicationTaskExecutor'
2025-01-15 14:28:59,708 INFO [SpringContextShutdownHook][ExecutorConfigurationSupport.java:218] - Shutting down ExecutorService 'applicationTaskExecutor'
