2025-01-15 10:03:18,279 INFO [http-nio-63110-exec-1][DirectJDKLog.java:173] - Initializing Spring DispatcherServlet 'dispatcherServlet'
2025-01-15 10:03:18,279 INFO [http-nio-63110-exec-1][DirectJDKLog.java:173] - Initializing Spring DispatcherServlet 'dispatcherServlet'
2025-01-15 10:03:18,321 INFO [http-nio-63110-exec-1][FrameworkServlet.java:525] - Initializing Servlet 'dispatcherServlet'
2025-01-15 10:03:18,321 INFO [http-nio-63110-exec-1][FrameworkServlet.java:525] - Initializing Servlet 'dispatcherServlet'
2025-01-15 10:03:18,379 INFO [http-nio-63110-exec-1][FrameworkServlet.java:547] - Completed initialization in 50 ms
2025-01-15 10:03:18,379 INFO [http-nio-63110-exec-1][FrameworkServlet.java:547] - Completed initialization in 50 ms
2025-01-15 10:03:19,060 INFO [http-nio-63110-exec-1][HikariDataSource.java:110] - HikariPool-1 - Starting...
2025-01-15 10:03:19,060 INFO [http-nio-63110-exec-1][HikariDataSource.java:110] - HikariPool-1 - Starting...
2025-01-15 10:03:21,120 INFO [http-nio-63110-exec-1][HikariDataSource.java:123] - HikariPool-1 - Start completed.
2025-01-15 10:03:21,120 INFO [http-nio-63110-exec-1][HikariDataSource.java:123] - HikariPool-1 - Start completed.
2025-01-15 10:04:09,086 WARN [http-nio-63110-exec-2][PoolBase.java:184] - HikariPool-1 - Failed to validate connection com.mysql.cj.jdbc.ConnectionImpl@65f3dfa0 (No operations allowed after connection closed.). Possibly consider using a shorter maxLifetime value.
2025-01-15 10:04:09,086 WARN [http-nio-63110-exec-2][PoolBase.java:184] - HikariPool-1 - Failed to validate connection com.mysql.cj.jdbc.ConnectionImpl@65f3dfa0 (No operations allowed after connection closed.). Possibly consider using a shorter maxLifetime value.
2025-01-15 10:04:09,099 WARN [http-nio-63110-exec-2][PoolBase.java:184] - HikariPool-1 - Failed to validate connection com.mysql.cj.jdbc.ConnectionImpl@7966fe78 (No operations allowed after connection closed.). Possibly consider using a shorter maxLifetime value.
2025-01-15 10:04:09,099 WARN [http-nio-63110-exec-2][PoolBase.java:184] - HikariPool-1 - Failed to validate connection com.mysql.cj.jdbc.ConnectionImpl@7966fe78 (No operations allowed after connection closed.). Possibly consider using a shorter maxLifetime value.
2025-01-15 10:04:09,111 WARN [http-nio-63110-exec-2][PoolBase.java:184] - HikariPool-1 - Failed to validate connection com.mysql.cj.jdbc.ConnectionImpl@1993d32a (No operations allowed after connection closed.). Possibly consider using a shorter maxLifetime value.
2025-01-15 10:04:09,111 WARN [http-nio-63110-exec-2][PoolBase.java:184] - HikariPool-1 - Failed to validate connection com.mysql.cj.jdbc.ConnectionImpl@1993d32a (No operations allowed after connection closed.). Possibly consider using a shorter maxLifetime value.
2025-01-15 10:04:09,116 WARN [http-nio-63110-exec-2][PoolBase.java:184] - HikariPool-1 - Failed to validate connection com.mysql.cj.jdbc.ConnectionImpl@2851114b (No operations allowed after connection closed.). Possibly consider using a shorter maxLifetime value.
2025-01-15 10:04:09,116 WARN [http-nio-63110-exec-2][PoolBase.java:184] - HikariPool-1 - Failed to validate connection com.mysql.cj.jdbc.ConnectionImpl@2851114b (No operations allowed after connection closed.). Possibly consider using a shorter maxLifetime value.
2025-01-15 10:04:09,121 WARN [http-nio-63110-exec-2][PoolBase.java:184] - HikariPool-1 - Failed to validate connection com.mysql.cj.jdbc.ConnectionImpl@62fe48b2 (No operations allowed after connection closed.). Possibly consider using a shorter maxLifetime value.
2025-01-15 10:04:09,121 WARN [http-nio-63110-exec-2][PoolBase.java:184] - HikariPool-1 - Failed to validate connection com.mysql.cj.jdbc.ConnectionImpl@62fe48b2 (No operations allowed after connection closed.). Possibly consider using a shorter maxLifetime value.
2025-01-15 10:04:09,125 WARN [http-nio-63110-exec-2][PoolBase.java:184] - HikariPool-1 - Failed to validate connection com.mysql.cj.jdbc.ConnectionImpl@2c25efab (No operations allowed after connection closed.). Possibly consider using a shorter maxLifetime value.
2025-01-15 10:04:09,125 WARN [http-nio-63110-exec-2][PoolBase.java:184] - HikariPool-1 - Failed to validate connection com.mysql.cj.jdbc.ConnectionImpl@2c25efab (No operations allowed after connection closed.). Possibly consider using a shorter maxLifetime value.
2025-01-15 10:04:09,133 WARN [http-nio-63110-exec-2][PoolBase.java:184] - HikariPool-1 - Failed to validate connection com.mysql.cj.jdbc.ConnectionImpl@2b286386 (No operations allowed after connection closed.). Possibly consider using a shorter maxLifetime value.
2025-01-15 10:04:09,133 WARN [http-nio-63110-exec-2][PoolBase.java:184] - HikariPool-1 - Failed to validate connection com.mysql.cj.jdbc.ConnectionImpl@2b286386 (No operations allowed after connection closed.). Possibly consider using a shorter maxLifetime value.
2025-01-15 10:04:09,139 WARN [http-nio-63110-exec-2][PoolBase.java:184] - HikariPool-1 - Failed to validate connection com.mysql.cj.jdbc.ConnectionImpl@bd3f4e1 (No operations allowed after connection closed.). Possibly consider using a shorter maxLifetime value.
2025-01-15 10:04:09,139 WARN [http-nio-63110-exec-2][PoolBase.java:184] - HikariPool-1 - Failed to validate connection com.mysql.cj.jdbc.ConnectionImpl@bd3f4e1 (No operations allowed after connection closed.). Possibly consider using a shorter maxLifetime value.
2025-01-15 10:04:09,147 WARN [http-nio-63110-exec-2][PoolBase.java:184] - HikariPool-1 - Failed to validate connection com.mysql.cj.jdbc.ConnectionImpl@1bf896f1 (No operations allowed after connection closed.). Possibly consider using a shorter maxLifetime value.
2025-01-15 10:04:09,147 WARN [http-nio-63110-exec-2][PoolBase.java:184] - HikariPool-1 - Failed to validate connection com.mysql.cj.jdbc.ConnectionImpl@1bf896f1 (No operations allowed after connection closed.). Possibly consider using a shorter maxLifetime value.
2025-01-15 10:04:09,154 WARN [http-nio-63110-exec-2][PoolBase.java:184] - HikariPool-1 - Failed to validate connection com.mysql.cj.jdbc.ConnectionImpl@18a36a92 (No operations allowed after connection closed.). Possibly consider using a shorter maxLifetime value.
2025-01-15 10:04:09,154 WARN [http-nio-63110-exec-2][PoolBase.java:184] - HikariPool-1 - Failed to validate connection com.mysql.cj.jdbc.ConnectionImpl@18a36a92 (No operations allowed after connection closed.). Possibly consider using a shorter maxLifetime value.
2025-01-15 10:06:14,186 WARN [http-nio-63110-exec-4][PoolBase.java:184] - HikariPool-1 - Failed to validate connection com.mysql.cj.jdbc.ConnectionImpl@641f8851 (No operations allowed after connection closed.). Possibly consider using a shorter maxLifetime value.
2025-01-15 10:06:14,186 WARN [http-nio-63110-exec-4][PoolBase.java:184] - HikariPool-1 - Failed to validate connection com.mysql.cj.jdbc.ConnectionImpl@641f8851 (No operations allowed after connection closed.). Possibly consider using a shorter maxLifetime value.
2025-01-15 10:06:14,195 WARN [http-nio-63110-exec-4][PoolBase.java:184] - HikariPool-1 - Failed to validate connection com.mysql.cj.jdbc.ConnectionImpl@6e63997f (No operations allowed after connection closed.). Possibly consider using a shorter maxLifetime value.
2025-01-15 10:06:14,195 WARN [http-nio-63110-exec-4][PoolBase.java:184] - HikariPool-1 - Failed to validate connection com.mysql.cj.jdbc.ConnectionImpl@6e63997f (No operations allowed after connection closed.). Possibly consider using a shorter maxLifetime value.
2025-01-15 10:06:14,202 WARN [http-nio-63110-exec-4][PoolBase.java:184] - HikariPool-1 - Failed to validate connection com.mysql.cj.jdbc.ConnectionImpl@2b610ad7 (No operations allowed after connection closed.). Possibly consider using a shorter maxLifetime value.
2025-01-15 10:06:14,202 WARN [http-nio-63110-exec-4][PoolBase.java:184] - HikariPool-1 - Failed to validate connection com.mysql.cj.jdbc.ConnectionImpl@2b610ad7 (No operations allowed after connection closed.). Possibly consider using a shorter maxLifetime value.
2025-01-15 10:06:14,208 WARN [http-nio-63110-exec-4][PoolBase.java:184] - HikariPool-1 - Failed to validate connection com.mysql.cj.jdbc.ConnectionImpl@10d19e3e (No operations allowed after connection closed.). Possibly consider using a shorter maxLifetime value.
2025-01-15 10:06:14,208 WARN [http-nio-63110-exec-4][PoolBase.java:184] - HikariPool-1 - Failed to validate connection com.mysql.cj.jdbc.ConnectionImpl@10d19e3e (No operations allowed after connection closed.). Possibly consider using a shorter maxLifetime value.
2025-01-15 10:06:14,212 WARN [http-nio-63110-exec-4][PoolBase.java:184] - HikariPool-1 - Failed to validate connection com.mysql.cj.jdbc.ConnectionImpl@1a80a7a8 (No operations allowed after connection closed.). Possibly consider using a shorter maxLifetime value.
2025-01-15 10:06:14,212 WARN [http-nio-63110-exec-4][PoolBase.java:184] - HikariPool-1 - Failed to validate connection com.mysql.cj.jdbc.ConnectionImpl@1a80a7a8 (No operations allowed after connection closed.). Possibly consider using a shorter maxLifetime value.
2025-01-15 10:06:14,219 WARN [http-nio-63110-exec-4][PoolBase.java:184] - HikariPool-1 - Failed to validate connection com.mysql.cj.jdbc.ConnectionImpl@68da6de6 (No operations allowed after connection closed.). Possibly consider using a shorter maxLifetime value.
2025-01-15 10:06:14,219 WARN [http-nio-63110-exec-4][PoolBase.java:184] - HikariPool-1 - Failed to validate connection com.mysql.cj.jdbc.ConnectionImpl@68da6de6 (No operations allowed after connection closed.). Possibly consider using a shorter maxLifetime value.
2025-01-15 10:06:14,223 WARN [http-nio-63110-exec-4][PoolBase.java:184] - HikariPool-1 - Failed to validate connection com.mysql.cj.jdbc.ConnectionImpl@4b4ef598 (No operations allowed after connection closed.). Possibly consider using a shorter maxLifetime value.
2025-01-15 10:06:14,223 WARN [http-nio-63110-exec-4][PoolBase.java:184] - HikariPool-1 - Failed to validate connection com.mysql.cj.jdbc.ConnectionImpl@4b4ef598 (No operations allowed after connection closed.). Possibly consider using a shorter maxLifetime value.
2025-01-15 10:06:14,227 WARN [http-nio-63110-exec-4][PoolBase.java:184] - HikariPool-1 - Failed to validate connection com.mysql.cj.jdbc.ConnectionImpl@57f2b2a1 (No operations allowed after connection closed.). Possibly consider using a shorter maxLifetime value.
2025-01-15 10:06:14,227 WARN [http-nio-63110-exec-4][PoolBase.java:184] - HikariPool-1 - Failed to validate connection com.mysql.cj.jdbc.ConnectionImpl@57f2b2a1 (No operations allowed after connection closed.). Possibly consider using a shorter maxLifetime value.
2025-01-15 10:06:14,235 WARN [http-nio-63110-exec-4][PoolBase.java:184] - HikariPool-1 - Failed to validate connection com.mysql.cj.jdbc.ConnectionImpl@4850f210 (No operations allowed after connection closed.). Possibly consider using a shorter maxLifetime value.
2025-01-15 10:06:14,235 WARN [http-nio-63110-exec-4][PoolBase.java:184] - HikariPool-1 - Failed to validate connection com.mysql.cj.jdbc.ConnectionImpl@4850f210 (No operations allowed after connection closed.). Possibly consider using a shorter maxLifetime value.
2025-01-15 10:06:14,243 WARN [http-nio-63110-exec-4][PoolBase.java:184] - HikariPool-1 - Failed to validate connection com.mysql.cj.jdbc.ConnectionImpl@73de03a1 (No operations allowed after connection closed.). Possibly consider using a shorter maxLifetime value.
2025-01-15 10:06:14,243 WARN [http-nio-63110-exec-4][PoolBase.java:184] - HikariPool-1 - Failed to validate connection com.mysql.cj.jdbc.ConnectionImpl@73de03a1 (No operations allowed after connection closed.). Possibly consider using a shorter maxLifetime value.
