2025-01-15 09:48:39,205 INFO [SpringContextShutdownHook][ExecutorConfigurationSupport.java:218] - Shutting down ExecutorService 'taskScheduler'
2025-01-15 09:48:39,205 INFO [SpringContextShutdownHook][ExecutorConfigurationSupport.java:218] - Shutting down ExecutorService 'taskScheduler'
2025-01-15 09:48:39,339 INFO [SpringContextShutdownHook][ExecutorConfigurationSupport.java:218] - Shutting down ExecutorService 'applicationTaskExecutor'
2025-01-15 09:48:39,339 INFO [SpringContextShutdownHook][ExecutorConfigurationSupport.java:218] - Shutting down ExecutorService 'applicationTaskExecutor'
2025-01-15 09:49:51,267 INFO [background-preinit][Version.java:21] - HV000001: Hibernate Validator 6.1.6.Final
2025-01-15 09:49:51,267 INFO [background-preinit][Version.java:21] - HV000001: Hibernate Validator 6.1.6.Final
2025-01-15 09:49:53,717 INFO [main][SpringApplication.java:651] - No active profile set, falling back to default profiles: default
2025-01-15 09:49:53,717 INFO [main][SpringApplication.java:651] - No active profile set, falling back to default profiles: default
2025-01-15 09:49:59,506 INFO [main][GenericScope.java:295] - BeanFactory id=6759bb1f-686d-33b2-94a7-c266e661183e
2025-01-15 09:49:59,506 INFO [main][GenericScope.java:295] - BeanFactory id=6759bb1f-686d-33b2-94a7-c266e661183e
2025-01-15 09:50:01,235 INFO [main][TomcatWebServer.java:108] - Tomcat initialized with port(s): 63110 (http)
2025-01-15 09:50:01,235 INFO [main][TomcatWebServer.java:108] - Tomcat initialized with port(s): 63110 (http)
2025-01-15 09:50:01,265 INFO [main][DirectJDKLog.java:173] - Initializing ProtocolHandler ["http-nio-63110"]
2025-01-15 09:50:01,265 INFO [main][DirectJDKLog.java:173] - Initializing ProtocolHandler ["http-nio-63110"]
2025-01-15 09:50:01,267 INFO [main][DirectJDKLog.java:173] - Starting service [Tomcat]
2025-01-15 09:50:01,267 INFO [main][DirectJDKLog.java:173] - Starting service [Tomcat]
2025-01-15 09:50:01,325 INFO [main][DirectJDKLog.java:173] - Starting Servlet engine: [Apache Tomcat/9.0.41]
2025-01-15 09:50:01,325 INFO [main][DirectJDKLog.java:173] - Starting Servlet engine: [Apache Tomcat/9.0.41]
2025-01-15 09:50:02,391 INFO [main][DirectJDKLog.java:173] - Initializing Spring embedded WebApplicationContext
2025-01-15 09:50:02,391 INFO [main][DirectJDKLog.java:173] - Initializing Spring embedded WebApplicationContext
2025-01-15 09:50:02,392 INFO [main][ServletWebServerApplicationContext.java:285] - Root WebApplicationContext: initialization completed in 8566 ms
2025-01-15 09:50:02,392 INFO [main][ServletWebServerApplicationContext.java:285] - Root WebApplicationContext: initialization completed in 8566 ms
2025-01-15 09:50:11,923 INFO [main][PropertySourcedRequestMappingHandlerMapping.java:69] - Mapped URL path [/v2/api-docs] onto method [springfox.documentation.swagger2.web.Swagger2Controller#getDocumentation(String, HttpServletRequest)]
2025-01-15 09:50:11,923 INFO [main][PropertySourcedRequestMappingHandlerMapping.java:69] - Mapped URL path [/v2/api-docs] onto method [springfox.documentation.swagger2.web.Swagger2Controller#getDocumentation(String, HttpServletRequest)]
2025-01-15 09:50:12,276 WARN [main][URLConfigurationSource.java:121] - No URLs will be polled as dynamic configuration sources.
2025-01-15 09:50:12,276 WARN [main][URLConfigurationSource.java:121] - No URLs will be polled as dynamic configuration sources.
2025-01-15 09:50:12,277 INFO [main][URLConfigurationSource.java:122] - To enable URLs as dynamic configuration sources, define System property archaius.configurationSource.additionalUrls or make config.properties available on classpath.
2025-01-15 09:50:12,277 INFO [main][URLConfigurationSource.java:122] - To enable URLs as dynamic configuration sources, define System property archaius.configurationSource.additionalUrls or make config.properties available on classpath.
2025-01-15 09:50:12,352 WARN [main][URLConfigurationSource.java:121] - No URLs will be polled as dynamic configuration sources.
2025-01-15 09:50:12,352 WARN [main][URLConfigurationSource.java:121] - No URLs will be polled as dynamic configuration sources.
2025-01-15 09:50:12,355 INFO [main][URLConfigurationSource.java:122] - To enable URLs as dynamic configuration sources, define System property archaius.configurationSource.additionalUrls or make config.properties available on classpath.
2025-01-15 09:50:12,355 INFO [main][URLConfigurationSource.java:122] - To enable URLs as dynamic configuration sources, define System property archaius.configurationSource.additionalUrls or make config.properties available on classpath.
2025-01-15 09:50:12,944 INFO [main][ExecutorConfigurationSupport.java:181] - Initializing ExecutorService 'applicationTaskExecutor'
2025-01-15 09:50:12,944 INFO [main][ExecutorConfigurationSupport.java:181] - Initializing ExecutorService 'applicationTaskExecutor'
2025-01-15 09:50:13,711 INFO [main][ExecutorConfigurationSupport.java:181] - Initializing ExecutorService 'Nacos-Watch-Task-Scheduler'
2025-01-15 09:50:13,711 INFO [main][ExecutorConfigurationSupport.java:181] - Initializing ExecutorService 'Nacos-Watch-Task-Scheduler'
2025-01-15 09:50:14,109 INFO [main][ExecutorConfigurationSupport.java:181] - Initializing ExecutorService 'taskScheduler'
2025-01-15 09:50:14,109 INFO [main][ExecutorConfigurationSupport.java:181] - Initializing ExecutorService 'taskScheduler'
2025-01-15 09:50:21,216 INFO [main][DirectJDKLog.java:173] - Starting ProtocolHandler ["http-nio-63110"]
2025-01-15 09:50:21,216 INFO [main][DirectJDKLog.java:173] - Starting ProtocolHandler ["http-nio-63110"]
2025-01-15 09:50:21,542 INFO [main][TomcatWebServer.java:220] - Tomcat started on port(s): 63110 (http) with context path '/system'
2025-01-15 09:50:21,542 INFO [main][TomcatWebServer.java:220] - Tomcat started on port(s): 63110 (http) with context path '/system'
2025-01-15 09:50:21,605 INFO [main][NacosServiceRegistry.java:75] - nacos registry, springbootXue-project system-api 192.168.11.70:63110 register finished
2025-01-15 09:50:21,605 INFO [main][NacosServiceRegistry.java:75] - nacos registry, springbootXue-project system-api 192.168.11.70:63110 register finished
2025-01-15 09:50:21,610 INFO [main][DocumentationPluginsBootstrapper.java:160] - Context refreshed
2025-01-15 09:50:21,610 INFO [main][DocumentationPluginsBootstrapper.java:160] - Context refreshed
2025-01-15 09:50:21,634 INFO [main][DocumentationPluginsBootstrapper.java:163] - Found 1 custom documentation plugin(s)
2025-01-15 09:50:21,634 INFO [main][DocumentationPluginsBootstrapper.java:163] - Found 1 custom documentation plugin(s)
2025-01-15 09:50:21,728 INFO [main][ApiListingReferenceScanner.java:41] - Scanning for api listing references
2025-01-15 09:50:21,728 INFO [main][ApiListingReferenceScanner.java:41] - Scanning for api listing references
2025-01-15 09:50:22,074 INFO [main][StartupInfoLogger.java:61] - Started SystemApplication in 41.392 seconds (JVM running for 55.103)
2025-01-15 09:50:22,074 INFO [main][StartupInfoLogger.java:61] - Started SystemApplication in 41.392 seconds (JVM running for 55.103)
